<?xml version="1.0" encoding="UTF-8"?>
<testsuite name="com.testing.MaximumTest" tests="3" skipped="0" failures="0" errors="0" timestamp="2020-10-28T15:40:24" hostname="DESKTOP-62HQPBS" time="0.009">
  <properties/>
  <testcase name="givenMaximumInteger_AsThirdParameter_ShouldReturnMaximum" classname="com.testing.MaximumTest" time="0.003"/>
  <testcase name="givenMaximumInteger_AsSecondParameter_ShouldReturnMaximum" classname="com.testing.MaximumTest" time="0.0"/>
  <testcase name="givenMaximumInteger_AsAFirstParameter_ShouldReturnMaximum" classname="com.testing.MaximumTest" time="0.0"/>
  <system-out><![CDATA[]]></system-out>
  <system-err><![CDATA[]]></system-err>
</testsuite>
